<?xml version="1.0" encoding="UTF-8" ?>
<testsuite errors="0" failures="0" hostname="developer" name="mz.com.caelum.romano.controller.NumeroConversorTest" skipped="0" tests="7" time="0.053" timestamp="2016-08-28T20:44:23">
  <properties>
[...]
</properties>
  <testcase classname="mz.com.caelum.romano.controller.NumeroConversorTest" name="deveRetornarValorNumericoDeApenasUmSimboloRomano" time="0.002" />
  <testcase classname="mz.com.caelum.romano.controller.NumeroConversorTest" name="deveRetornarQuantidadeTotalDeSimbolos" time="0.0" />
  <testcase classname="mz.com.caelum.romano.controller.NumeroConversorTest" name="deveVerificarSeExisteSequenciaRomanaEntreDoisValores" time="0.0" />
  <testcase classname="mz.com.caelum.romano.controller.NumeroConversorTest" name="deveConverterSimboloRomanoEmDecimal" time="0.0" />
  <testcase classname="mz.com.caelum.romano.controller.NumeroConversorTest" name="deveCalcularSubtraccaoDeSimbolosRomanosParaDecimal" time="0.001" />
  <testcase classname="mz.com.caelum.romano.controller.NumeroConversorTest" name="deveRetornaFalsoSeSimboloRomanoNaoExistir" time="0.0" />
  <testcase classname="mz.com.caelum.romano.controller.NumeroConversorTest" name="deveRetornarMaiorValorRomano" time="0.0" />
  <system-out><![CDATA[]]></system-out>
  <system-err><![CDATA[]]></system-err>
</testsuite>
